Determining if the pthread_create exist failed with the following output:
Change Dir: /home/nano/jetson-inference/build/CMakeFiles/CMakeTmp

Run Build Command:"/usr/bin/make" "cmTC_bd4ec/fast"
/usr/bin/make -f CMakeFiles/cmTC_bd4ec.dir/build.make CMakeFiles/cmTC_bd4ec.dir/build
make[1]: Entering directory '/home/nano/jetson-inference/build/CMakeFiles/CMakeTmp'
Building C object CMakeFiles/cmTC_bd4ec.dir/CheckSymbolExists.c.o
/usr/bin/cc   -fPIC    -o CMakeFiles/cmTC_bd4ec.dir/CheckSymbolExists.c.o   -c /home/nano/jetson-inference/build/CMakeFiles/CMakeTmp/CheckSymbolExists.c
Linking C executable cmTC_bd4ec
/usr/bin/cmake -E cmake_link_script CMakeFiles/cmTC_bd4ec.dir/link.txt --verbose=1
/usr/bin/cc -fPIC     -rdynamic CMakeFiles/cmTC_bd4ec.dir/CheckSymbolExists.c.o  -o cmTC_bd4ec 
CMakeFiles/cmTC_bd4ec.dir/CheckSymbolExists.c.o: In function `main':
CheckSymbolExists.c:(.text+0x14): undefined reference to `pthread_create'
CheckSymbolExists.c:(.text+0x18): undefined reference to `pthread_create'
collect2: error: ld returned 1 exit status
CMakeFiles/cmTC_bd4ec.dir/build.make:97: recipe for target 'cmTC_bd4ec' failed
make[1]: *** [cmTC_bd4ec] Error 1
make[1]: Leaving directory '/home/nano/jetson-inference/build/CMakeFiles/CMakeTmp'
Makefile:126: recipe for target 'cmTC_bd4ec/fast' failed
make: *** [cmTC_bd4ec/fast] Error 2

File /home/nano/jetson-inference/build/CMakeFiles/CMakeTmp/CheckSymbolExists.c:
/* */
#include <pthread.h>

int main(int argc, char** argv)
{
  (void)argv;
#ifndef pthread_create
  return ((int*)(&pthread_create))[argc];
#else
  (void)argc;
  return 0;
#endif
}

Determining if the function pthread_create exists in the pthreads failed with the following output:
Change Dir: /home/nano/jetson-inference/build/CMakeFiles/CMakeTmp

Run Build Command:"/usr/bin/make" "cmTC_78dc8/fast"
/usr/bin/make -f CMakeFiles/cmTC_78dc8.dir/build.make CMakeFiles/cmTC_78dc8.dir/build
make[1]: Entering directory '/home/nano/jetson-inference/build/CMakeFiles/CMakeTmp'
Building C object CMakeFiles/cmTC_78dc8.dir/CheckFunctionExists.c.o
/usr/bin/cc   -fPIC -DCHECK_FUNCTION_EXISTS=pthread_create   -o CMakeFiles/cmTC_78dc8.dir/CheckFunctionExists.c.o   -c /usr/share/cmake-3.10/Modules/CheckFunctionExists.c
Linking C executable cmTC_78dc8
/usr/bin/cmake -E cmake_link_script CMakeFiles/cmTC_78dc8.dir/link.txt --verbose=1
/usr/bin/cc -fPIC -DCHECK_FUNCTION_EXISTS=pthread_create    -rdynamic CMakeFiles/cmTC_78dc8.dir/CheckFunctionExists.c.o  -o cmTC_78dc8 -lpthreads 
/usr/bin/ld: cannot find -lpthreads
collect2: error: ld returned 1 exit status
CMakeFiles/cmTC_78dc8.dir/build.make:97: recipe for target 'cmTC_78dc8' failed
make[1]: *** [cmTC_78dc8] Error 1
make[1]: Leaving directory '/home/nano/jetson-inference/build/CMakeFiles/CMakeTmp'
Makefile:126: recipe for target 'cmTC_78dc8/fast' failed
make: *** [cmTC_78dc8/fast] Error 2


